[05May2025 00:08:13.809] [Server thread/INFO] [net.minecraft.server.MinecraftServer/]: [Mandester: Teleported Mandester to All_D08]
[05May2025 00:08:34.009] [Server thread/INFO] [net.minecraft.server.MinecraftServer/]: All_D08 has made the advancement [Eye Spy]
[05May2025 00:08:38.909] [Server thread/INFO] [net.minecraft.server.MinecraftServer/]: Mandester has made the advancement [Eye Spy]
[05May2025 00:08:45.716] [Server thread/INFO] [net.minecraft.server.MinecraftServer/]: [Mandester: Teleported JARAX23 to Mandester]
[05May2025 00:08:45.956] [Server thread/INFO] [net.minecraft.server.MinecraftServer/]: JARAX23 has made the advancement [Eye Spy]
[05May2025 00:10:31.914] [Server thread/INFO] [net.minecraft.server.MinecraftServer/]: All_D08 has made the advancement [The End?]
[05May2025 00:10:34.641] [Server thread/INFO] [net.minecraft.world.level.dimension.end.EndDragonFight/]: Scanning for legacy world dragon fight...
[05May2025 00:10:34.667] [Server thread/INFO] [net.minecraft.world.level.dimension.end.EndDragonFight/]: Found that the dragon has not yet been killed in this world.
[05May2025 00:10:35.664] [Server thread/INFO] [net.minecraft.server.MinecraftServer/]: JARAX23 has made the advancement [The End?]
[05May2025 00:10:36.009] [Server thread/WARN] [net.minecraft.server.MinecraftServer/]: Can't keep up! Is the server overloaded? Running 4367ms or 87 ticks behind
[05May2025 00:10:36.144] [Server thread/INFO] [net.minecraft.server.MinecraftServer/]: Mandester has made the advancement [The End?]
[05May2025 00:10:36.248] [Server thread/WARN] [net.minecraft.server.network.ServerGamePacketListenerImpl/]: JARAX23 moved too quickly! 2537.190425163007,81.39260454995134,-3962.29073103662
[05May2025 00:10:36.623] [Server thread/WARN] [net.minecraft.server.network.ServerGamePacketListenerImpl/]: Mandester moved too quickly! 2537.110964728379,81.26590000152588,-3961.499364551574
[05May2025 00:12:48.487] [Server thread/INFO] [net.minecraft.server.MinecraftServer/]: Mandester was doomed to fall by Ender Dragon
[05May2025 00:12:57.642] [Server thread/INFO] [net.minecraft.server.MinecraftServer/]: [Mandester: Teleported Mandester to All_D08]
[05May2025 00:13:35.953] [Server thread/INFO] [net.minecraft.server.MinecraftServer/]: All_D08 was doomed to fall by Ender Dragon
[05May2025 00:14:14.144] [Server thread/INFO] [net.minecraft.server.MinecraftServer/]: Mandester was blown up by Mandester
[05May2025 00:14:44.251] [Server thread/INFO] [net.minecraft.server.MinecraftServer/]: All_D08 was killed by Ender Dragon using magic
[05May2025 00:14:55.765] [Server thread/WARN] [net.minecraft.server.MinecraftServer/]: Can't keep up! Is the server overloaded? Running 3422ms or 68 ticks behind
[05May2025 00:15:42.151] [Server thread/INFO] [net.minecraft.server.MinecraftServer/]: Mandester fell from a high place
[05May2025 00:15:50.624] [Server thread/WARN] [net.minecraft.server.MinecraftServer/]: Can't keep up! Is the server overloaded? Running 2132ms or 42 ticks behind
[05May2025 00:15:53.958] [Server thread/INFO] [net.minecraft.server.MinecraftServer/]: Stopping server
[05May2025 00:15:53.964] [Server thread/INFO] [net.minecraft.server.MinecraftServer/]: Saving players
[05May2025 00:15:54.079] [Server thread/INFO] [net.minecraft.server.network.ServerGamePacketListenerImpl/]: JARAX23 lost connection: Server closed
[05May2025 00:15:54.080] [Server thread/INFO] [net.minecraft.server.MinecraftServer/]: JARAX23 left the game
[05May2025 00:15:54.148] [Server thread/INFO] [net.minecraft.server.network.ServerGamePacketListenerImpl/]: Mandester lost connection: Server closed
[05May2025 00:15:54.148] [Server thread/INFO] [net.minecraft.server.MinecraftServer/]: Mandester left the game
[05May2025 00:15:54.185] [Server thread/INFO] [net.minecraft.server.MinecraftServer/]: Saving worlds
[05May2025 00:15:55.205] [Server thread/INFO] [net.minecraft.server.MinecraftServer/]: Saving chunks for level 'ServerLevel[world]'/minecraft:overworld
[05May2025 00:15:55.685] [Server thread/INFO] [net.minecraft.server.MinecraftServer/]: Saving chunks for level 'ServerLevel[world]'/minecraft:the_end
[05May2025 00:15:59.469] [Server thread/INFO] [net.minecraft.server.MinecraftServer/]: Saving chunks for level 'ServerLevel[world]'/minecraft:the_nether
[05May2025 00:15:59.511] [Server thread/INFO] [net.minecraft.server.MinecraftServer/]: ThreadedAnvilChunkStorage (world): All chunks are saved
[05May2025 00:15:59.511] [Server thread/INFO] [net.minecraft.server.MinecraftServer/]: ThreadedAnvilChunkStorage (DIM1): All chunks are saved
[05May2025 00:15:59.512] [Server thread/INFO] [net.minecraft.server.MinecraftServer/]: ThreadedAnvilChunkStorage (DIM-1): All chunks are saved
[05May2025 00:15:59.512] [Server thread/INFO] [net.minecraft.server.MinecraftServer/]: ThreadedAnvilChunkStorage: All dimensions are saved
[05May2025 00:15:59.797] [Server thread/INFO] [journeymap/]: Loading JourneyMap Forge Configs
